0 info it worked if it ends with ok
1 verbose cli [ 'node',
1 verbose cli   '/usr/local/bin/npm',
1 verbose cli   'install',
1 verbose cli   'grunt-google-translate',
1 verbose cli   '-g' ]
2 info using npm@2.5.1
3 info using node@v0.12.0
4 silly cache add args [ 'grunt-google-translate', null ]
5 verbose cache add spec grunt-google-translate
6 silly cache add parsed spec { raw: 'grunt-google-translate',
6 silly cache add   scope: null,
6 silly cache add   name: 'grunt-google-translate',
6 silly cache add   rawSpec: '',
6 silly cache add   spec: '*',
6 silly cache add   type: 'range' }
7 verbose addNamed grunt-google-translate@*
8 silly addNamed semver.valid null
9 silly addNamed semver.validRange *
10 silly addNameRange { name: 'grunt-google-translate', range: '*', hasData: false }
11 silly mapToRegistry name grunt-google-translate
12 silly mapToRegistry using default registry
13 silly mapToRegistry registry https://registry.npmjs.org/
14 silly mapToRegistry uri https://registry.npmjs.org/grunt-google-translate
15 verbose addNameRange registry:https://registry.npmjs.org/grunt-google-translate not in flight; fetching
16 verbose request uri https://registry.npmjs.org/grunt-google-translate
17 verbose request no auth needed
18 info attempt registry request try #1 at 11:32:48 AM
19 verbose request id 95854e1bd7520bdc
20 verbose etag "683C6ZW9A3819CE35WKI3SZNV"
21 http request GET https://registry.npmjs.org/grunt-google-translate
22 http 304 https://registry.npmjs.org/grunt-google-translate
23 silly get cb [ 304,
23 silly get   { date: 'Fri, 04 Sep 2015 18:32:48 GMT',
23 silly get     via: '1.1 varnish',
23 silly get     'cache-control': 'max-age=60',
23 silly get     etag: '"683C6ZW9A3819CE35WKI3SZNV"',
23 silly get     age: '0',
23 silly get     connection: 'keep-alive',
23 silly get     'x-served-by': 'cache-sjc3131-SJC',
23 silly get     'x-cache': 'MISS',
23 silly get     'x-cache-hits': '0',
23 silly get     'x-timer': 'S1441391568.562602,VS0,VE91',
23 silly get     vary: 'Accept' } ]
24 verbose etag https://registry.npmjs.org/grunt-google-translate from cache
25 verbose get saving grunt-google-translate to /Users/pooyaparidel/.npm/registry.npmjs.org/grunt-google-translate/.cache.json
26 silly addNameRange number 2 { name: 'grunt-google-translate', range: '*', hasData: true }
27 silly addNameRange versions [ 'grunt-google-translate',
27 silly addNameRange   [ '0.1.0', '0.1.1', '0.1.2', '0.1.3' ] ]
28 verbose addNamed grunt-google-translate@0.1.3
29 silly addNamed semver.valid 0.1.3
30 silly addNamed semver.validRange 0.1.3
31 silly cache afterAdd grunt-google-translate@0.1.3
32 verbose afterAdd /Users/pooyaparidel/.npm/grunt-google-translate/0.1.3/package/package.json not in flight; writing
33 verbose afterAdd /Users/pooyaparidel/.npm/grunt-google-translate/0.1.3/package/package.json written
34 silly install resolved [ { name: 'grunt-google-translate',
34 silly install resolved     description: 'Automatically generate localized json files using angular-translate source files, and Google Translate REST API',
34 silly install resolved     version: '0.1.3',
34 silly install resolved     homepage: 'https://github.com/MartyIce/grunt-google-translate',
34 silly install resolved     author: { name: 'Marty Mavis', email: 'marty.mavis@csgi.com' },
34 silly install resolved     repository:
34 silly install resolved      { type: 'git',
34 silly install resolved        url: 'git://github.com/MartyIce/grunt-google-translate' },
34 silly install resolved     bugs: { url: 'https://github.com/MartyIce/grunt-google-translate/issues' },
34 silly install resolved     licenses: [ [Object] ],
34 silly install resolved     engines: { node: '>= 0.8.0' },
34 silly install resolved     scripts: { test: 'grunt test' },
34 silly install resolved     devDependencies:
34 silly install resolved      { 'grunt-contrib-jshint': '^0.9.2',
34 silly install resolved        'grunt-contrib-clean': '^0.5.0',
34 silly install resolved        'grunt-contrib-nodeunit': '^0.3.3',
34 silly install resolved        grunt: '~0.4.4',
34 silly install resolved        restler: '^3.2.1',
34 silly install resolved        cheerio: '^0.15.0',
34 silly install resolved        q: '^1.0.1' },
34 silly install resolved     dependencies: { restler: '^3.2.1', cheerio: '^0.15.0', q: '^1.0.1' },
34 silly install resolved     peerDependencies: { grunt: '~0.4.4' },
34 silly install resolved     keywords: [ 'gruntplugin' ],
34 silly install resolved     _id: 'grunt-google-translate@0.1.3',
34 silly install resolved     dist:
34 silly install resolved      { shasum: '5305ef6d6f11388fcacc480c4e9c09daba6f4e77',
34 silly install resolved        tarball: 'http://registry.npmjs.org/grunt-google-translate/-/grunt-google-translate-0.1.3.tgz' },
34 silly install resolved     _from: 'grunt-google-translate@*',
34 silly install resolved     _npmVersion: '1.4.3',
34 silly install resolved     _npmUser: { name: 'martyice', email: 'marty.mavis@gmail.com' },
34 silly install resolved     maintainers: [ [Object] ],
34 silly install resolved     directories: {},
34 silly install resolved     _shasum: '5305ef6d6f11388fcacc480c4e9c09daba6f4e77',
34 silly install resolved     _resolved: 'https://registry.npmjs.org/grunt-google-translate/-/grunt-google-translate-0.1.3.tgz',
34 silly install resolved     readme: 'ERROR: No README data found!' } ]
35 info install grunt-google-translate@0.1.3 into /usr/local/lib
36 info installOne grunt-google-translate@0.1.3
37 verbose installOne of grunt-google-translate to /usr/local/lib not in flight; installing
38 verbose lock using /Users/pooyaparidel/.npm/_locks/grunt-google-translate-cd386519670250e1.lock for /usr/local/lib/node_modules/grunt-google-translate
39 silly install write writing grunt-google-translate 0.1.3 to /usr/local/lib/node_modules/grunt-google-translate
40 silly cache addNamed cb grunt-google-translate@0.1.3
41 verbose unbuild lib/node_modules/grunt-google-translate
42 info preuninstall grunt-google-translate@0.1.3
43 info uninstall grunt-google-translate@0.1.3
44 verbose unbuild rmStuff grunt-google-translate@0.1.3 from /usr/local/lib/node_modules
45 info postuninstall grunt-google-translate@0.1.3
46 verbose gentlyRm vacuuming /usr/local/lib/node_modules/grunt-google-translate
47 silly gentlyRm purging /usr/local/lib/node_modules/grunt-google-translate
48 verbose unlock done using /Users/pooyaparidel/.npm/_locks/grunt-google-translate-cd386519670250e1.lock for /usr/local/lib/node_modules/grunt-google-translate
49 verbose stack Error: EACCES, unlink '/usr/local/lib/node_modules/grunt-google-translate'
49 verbose stack     at Error (native)
50 verbose cwd /Users/pooyaparidel/WebstormProjects/mojio-websites/static/i18n
51 error Darwin 14.5.0
52 error argv "node" "/usr/local/bin/npm" "install" "grunt-google-translate" "-g"
53 error node v0.12.0
54 error npm  v2.5.1
55 error path /usr/local/lib/node_modules/grunt-google-translate
56 error code EACCES
57 error errno -13
58 error Error: EACCES, unlink '/usr/local/lib/node_modules/grunt-google-translate'
58 error     at Error (native)
58 error  { [Error: EACCES, unlink '/usr/local/lib/node_modules/grunt-google-translate']
58 error   errno: -13,
58 error   code: 'EACCES',
58 error   path: '/usr/local/lib/node_modules/grunt-google-translate' }
59 error Please try running this command again as root/Administrator.
60 verbose exit [ -13, true ]
61 verbose unbuild lib/node_modules/grunt-google-translate
62 info preuninstall grunt-google-translate@0.1.3
63 info uninstall grunt-google-translate@0.1.3
64 verbose unbuild rmStuff grunt-google-translate@0.1.3 from /usr/local/lib/node_modules
65 info postuninstall grunt-google-translate@0.1.3
66 verbose gentlyRm vacuuming /usr/local/lib/node_modules/grunt-google-translate
67 silly gentlyRm purging /usr/local/lib/node_modules/grunt-google-translate
68 error error rolling back Error: EACCES, unlink '/usr/local/lib/node_modules/grunt-google-translate'
68 error error rolling back     at Error (native)
68 error error rolling back  { [Error: EACCES, unlink '/usr/local/lib/node_modules/grunt-google-translate']
68 error error rolling back   errno: -13,
68 error error rolling back   code: 'EACCES',
68 error error rolling back   path: '/usr/local/lib/node_modules/grunt-google-translate' }
