rechnung.selectra.at
www.selectra.at
club.selectra.at
test.selectra.at
staging.rechnung.selectra.at
verbrauchsrechner.selectra.at
dev.selectra.at
tarifrechner.selectra.at
staging.verbrauchsrechner.selectra.at
staging.selectra.at
comparador.selectra.com
www.selectra.com
club.selectra.com
dev.selectra.co.uk
test.selectra.co.uk
bills.selectra.co.uk
staging.bills.selectra.co.uk
www.selectra.co.uk
ww.selectra.co.uk
staging.callback.selectra.co.uk
callback.selectra.co.uk
switch.selectra.co.uk
www.switch.selectra.co.uk
dev.en.selectra.info
dev.entreprises.selectra.info
test.eau.selectra.info
facture.selectra.info
eau.selectra.info
entreprises.selectra.info
test.entreprises.selectra.info
groupe.selectra.info
www.entreprises.selectra.info
en.selectra.info
staging.hop.selectra.info
hop.selectra.info
club.selectra.info
www.club.selectra.info
test.en.selectra.info
at.preprod.v2.club.selectra.info
es.preprod.v2.club.selectra.info
fr.preprod.v2.club.selectra.info
it.preprod.v2.club.selectra.info
tk.preprod.v2.club.selectra.info
staging.v2.club-telecom.selectra.info
club-v3.selectra.info
club-telecom.selectra.info
dev.eau.selectra.info
staging.facture.selectra.info
partenaires.selectra.info
cdn.selectra.info
api.selectra.info
estimation.selectra.info
www.estimation.selectra.info
comparateur.selectra.info
go.selectra.info
ww.selectra.info
opp.selectra.info
zonestarifaires.selectra.info
at.preprod.comparateur.selectra.info
be.preprod.comparateur.selectra.info
es.preprod.comparateur.selectra.info
fr.preprod.comparateur.selectra.info
it.preprod.comparateur.selectra.info
jp.preprod.comparateur.selectra.info
nl.preprod.comparateur.selectra.info
partner.fr.preprod.comparateur.selectra.info
pt.preprod.comparateur.selectra.info
tr.preprod.comparateur.selectra.info
fr.preprod.resiliation.selectra.info
landing.iad.static.selectra.info
staging.callback.en.selectra.info
staging.rappel.selectra.info
staging.estimation.selectra.info
callback.en.selectra.info
rappel.selectra.info
stats.selectra.info
staging.entreprises.selectra.info
www.selectra.info
resiliation.selectra.info
comparateur-telecom.selectra.info
preprod.eau.selectra.info
forum.selectra.info
www.forum.selectra.info
staging.selectra.info
at.preprod.club.selectra.info
es.preprod.club.selectra.info
it.preprod.club.selectra.info
tk.preprod.club.selectra.info
staging.eau.selectra.info
*.cdn.selectra.info
staging.souscription.selectra.info
souscription.selectra.info
fr.preprod.club.selectra.info
widgets.selectra.info
conciergerie.selectra.info
drupal.partenaires.selectra.info
admin.eau.selectra.info
totalspring-offredelancement.selectra.info
staging.club-telecom.selectra.info
v1.selectra.info
v2.rappel.selectra.info
v2.selectra.info
admin.staging.estimation.selectra.info
www.zonestarifaires.selectra.info
letsencrypt.amy.selectra.info
*.selectra.info
staging.pod.api.selectra.io
preprod.plum.proxy.selectra.io
plum.proxy.selectra.io
dashboard.plum.proxy.selectra.io
staging.mew.selectra.io
staging.auto2000.selectra.io
woody.selectra.io
v2.beatrice.selectra.io
wiki.selectra.io
sso.selectra.io
documentation.selectra.io
training.energia.selectra.io
furiosa.selectra.io
togepi.selectra.io
staging.togepi.selectra.io
staging.podfinder.selectra.io
staging.blanco.selectra.io
staging.app-config.selectra.io
podfinder.selectra.io
pod.api.selectra.io
partners.selectra.io
blanco.selectra.io
auto2000.selectra.io
app-config.selectra.io
antargaz.proxy.selectra.io
camila.landorus.selectra.io
sjp.aws.selectra.io
sql.scarif.selectra.io
phpmyadmin.public.production.aws.selectra.io
zoho.selectra.io
salientes.selectra.io
staging.dialga.selectra.io
phpmyadmin.public.staging.aws.selectra.io
ww.selectra.io
staging.hop.selectra.io
hop.selectra.io
cloud.energia.selectra.io
admin.selectra.io
staging.beatrice.selectra.io
landorus.selectra.io
staging.callcenter.selectra.io
callcenter.selectra.io
intranet.selectra.io
porygon.selectra.io
sql.woody.selectra.io
tictac.selectra.io
api.borgan.selectra.io
confirma.selectra.io
goldenergy.selectra.io
gas.selectra.io
borgan.selectra.io
mew.selectra.io
home-insurance-comparator.staging.selectra.io
app.recordings.selectra.io
dialga.selectra.io
staging.comparateur-telecom.selectra.io
italia.opp.selectra.io
bulk-geocoder.selectra.io
es.selectra.io
staging.energia.selectra.io
darkrai.selectra.io
beatrice.selectra.io
mudsdale.selectra.io
staging.directory.api.selectra.io
energia.selectra.io
rtfm.selectra.io
directory.api.selectra.io
status.selectra.io
pg.dory.selectra.io
bonosocial.selectra.io
staging.sso.selectra.io
staging.darkrai.selectra.io
staging.borgan.selectra.io
staging.admin.selectra.io
pg.nala.selectra.io
sql.amy.selectra.io
grades.selectra.io
homologation.sge.proxy.selectra.io
staging.v2.hop.selectra.io
export.selectra.io
api.dialga.selectra.io
salespasser.selectra.io
endesaptssl.selectra.io
cloud.mew.selectra.io
celebi.selectra.io
staging.porygon.selectra.io
multiprovider.selectra.io
cporygon.selectra.io
staging.multiprovider.selectra.io
sql.nala.selectra.io
sge.proxy.selectra.io
www.sge.proxy.selectra.io
phpmyadmin.staging.aws-example.selectra.io
podo.selectra.io
sql.nemo.selectra.io
phpmyadmin.staging.aws.selectra.io
devcode.selectra.io
sql.axiom.selectra.io
sql.wall-e.selectra.io
pg.wall-e.selectra.io
preprod.sge.proxy.selectra.io
